2023-11-23 18:40:15,899 - INFO - Новая игра: N=100, k=5
2023-11-23 18:40:15,901 - INFO - Загаданное число: 27
2023-11-23 18:40:18,072 - INFO - Попытка пользователя: 5
2023-11-23 18:40:18,072 - INFO - Подсказка: Загаданное число больше
2023-11-23 18:40:21,017 - INFO - Попытка пользователя: 15
2023-11-23 18:40:21,017 - INFO - Подсказка: Загаданное число больше
2023-11-23 18:40:26,261 - INFO - Попытка пользователя: 60
2023-11-23 18:40:26,261 - INFO - Подсказка: Загаданное число меньше
2023-11-23 18:40:28,447 - INFO - Попытка пользователя: 50
2023-11-23 18:40:28,448 - INFO - Подсказка: Загаданное число меньше
2023-11-23 18:40:30,995 - INFO - Попытка пользователя: 48
2023-11-23 18:40:30,995 - INFO - Подсказка: Загаданное число меньше
2023-11-23 18:40:30,995 - INFO - Игра завершена: Попытки закончились
2023-11-23 18:44:27,730 - INFO - Новая игра: N=100, k=5
2023-11-23 18:44:27,730 - INFO - Загаданное число: 100
2023-11-23 18:44:31,006 - INFO - Попытка пользователя: 15
2023-11-23 18:44:31,006 - INFO - Подсказка: Загаданное число больше
2023-11-23 18:44:33,359 - INFO - Попытка пользователя: 25
2023-11-23 18:44:33,359 - INFO - Подсказка: Загаданное число больше
2023-11-23 18:44:35,419 - INFO - Попытка пользователя: 45
2023-11-23 18:44:35,420 - INFO - Подсказка: Загаданное число больше
2023-11-23 18:44:37,843 - INFO - Попытка пользователя: 75
2023-11-23 18:44:37,843 - INFO - Подсказка: Загаданное число больше
2023-11-23 18:44:40,700 - INFO - Попытка пользователя: 86
2023-11-23 18:44:40,700 - INFO - Подсказка: Загаданное число больше
2023-11-23 18:44:40,700 - INFO - Игра завершена: Попытки закончились
2023-11-23 22:04:27,861 - INFO - Новая игра: N=100, k=5
2023-11-23 22:04:27,862 - INFO - Загаданное число: 21
2023-11-23 22:04:30,625 - INFO - Попытка пользователя: 5
2023-11-23 22:04:30,625 - INFO - Подсказка: Ваше число меньше загаданного
2023-11-23 22:04:36,320 - INFO - Попытка пользователя: 3
2023-11-23 22:04:36,320 - INFO - Подсказка: Ваше число меньше загаданного
2023-11-23 22:04:39,201 - INFO - Попытка пользователя: 1
2023-11-23 22:04:39,201 - INFO - Подсказка: Ваше число меньше загаданного
2023-11-23 22:04:41,463 - INFO - Попытка пользователя: 0
2023-11-23 22:04:41,463 - INFO - Подсказка: Ваше число меньше загаданного
2023-11-23 22:04:43,504 - INFO - Попытка пользователя: 7
2023-11-23 22:04:43,504 - INFO - Подсказка: Ваше число меньше загаданного
2023-11-23 22:04:43,504 - INFO - Игра завершена: Попытки закончились
2023-11-23 22:05:28,931 - INFO - Новая игра: N=100, k=5
2023-11-23 22:05:28,931 - INFO - Загаданное число: 97
2023-11-23 22:05:32,472 - INFO - Попытка пользователя: 50
2023-11-23 22:05:32,472 - INFO - Подсказка: Ваше число меньше загаданного
2023-11-23 22:05:35,068 - INFO - Попытка пользователя: 1
2023-11-23 22:05:35,068 - INFO - Подсказка: Ваше число меньше загаданного
2023-11-23 22:05:37,720 - INFO - Попытка пользователя: 0
2023-11-23 22:05:37,720 - INFO - Подсказка: Ваше число меньше загаданного
2023-11-23 22:05:39,868 - INFO - Попытка пользователя: 0
2023-11-23 22:05:39,868 - INFO - Подсказка: Ваше число меньше загаданного
2023-11-25 00:02:58,139 - INFO - Новая игра: N=100, k=5
2023-11-25 00:02:58,139 - INFO - Загаданное число: 93
2023-11-25 00:02:59,800 - INFO - Попытка 1: Пользователь ввел 1
2023-11-25 00:02:59,800 - INFO - Подсказка: Ваше число меньше загаданного
2023-11-25 00:03:01,758 - INFO - Попытка 2: Пользователь ввел 0
2023-11-25 00:03:01,758 - INFO - Подсказка: Ваше число меньше загаданного
2023-11-25 00:03:04,741 - INFO - Попытка 3: Пользователь ввел 23
2023-11-25 00:03:04,741 - INFO - Подсказка: Ваше число меньше загаданного
2023-11-25 00:03:42,806 - INFO - Новая игра: N=100, k=5
2023-11-25 00:03:42,806 - INFO - Загаданное число: 93
2023-11-25 00:03:43,977 - INFO - Попытка 1: Пользователь ввел 1
2023-11-25 00:03:43,977 - INFO - Подсказка: Ваше число меньше загаданного
2023-11-25 00:03:46,313 - INFO - Попытка 2: Пользователь ввел 30
2023-11-25 00:03:46,313 - INFO - Подсказка: Ваше число меньше загаданного
2023-11-25 00:05:30,506 - INFO - Новая игра: N=100, k=5
2023-11-25 00:05:30,506 - INFO - Загаданное число: 31
2023-11-25 00:05:31,726 - INFO - Попытка 1: Пользователь ввел 0
2023-11-25 00:05:31,726 - INFO - Подсказка: Ваше число меньше загаданного
2023-11-25 00:05:32,892 - INFO - Попытка 2: Пользователь ввел 1
2023-11-25 00:05:32,892 - INFO - Подсказка: Ваше число меньше загаданного
2023-11-25 00:05:34,791 - INFO - Попытка 3: Пользователь ввел 23
2023-11-25 00:05:34,791 - INFO - Подсказка: Ваше число меньше загаданного
2023-11-25 00:05:35,816 - INFO - Попытка 4: Пользователь ввел 2
2023-11-25 00:05:35,816 - INFO - Подсказка: Ваше число меньше загаданного
2023-11-25 00:05:37,114 - INFO - Попытка 5: Пользователь ввел 23
2023-11-25 00:05:37,114 - INFO - Подсказка: Ваше число меньше загаданного
2023-11-25 00:05:37,114 - INFO - Игра завершена: Попытки закончились
2023-11-25 00:18:08,941 - INFO - Новая игра: N=100, k=5
2023-11-25 00:18:08,941 - INFO - Загаданное число: 51
2023-11-25 00:18:12,697 - INFO - Попытка пользователя: 12
2023-11-25 00:18:12,697 - INFO - Подсказка: Загаданное число больше
2023-11-25 00:18:14,647 - INFO - Попытка пользователя: 35
2023-11-25 00:18:14,647 - INFO - Подсказка: Загаданное число больше
2023-11-25 00:18:16,365 - INFO - Попытка пользователя: 78
2023-11-25 00:18:16,365 - INFO - Подсказка: Загаданное число меньше
2023-11-25 00:18:19,205 - INFO - Попытка пользователя: 65
2023-11-25 00:18:19,205 - INFO - Подсказка: Загаданное число меньше
2023-11-25 00:18:21,421 - INFO - Попытка пользователя: 45
2023-11-25 00:18:21,421 - INFO - Подсказка: Загаданное число больше
2023-11-25 00:18:21,421 - INFO - Игра завершена: Попытки закончились
2023-11-25 00:20:16,437 - INFO - Новая игра: N=100, k=5
2023-11-25 00:20:16,437 - INFO - Загаданное число: 72
2023-11-25 00:20:18,797 - INFO - Попытка пользователя: 7
2023-11-25 00:20:18,797 - INFO - Подсказка: Загаданное число больше
2023-11-25 00:20:21,091 - INFO - Попытка пользователя: 76
2023-11-25 00:20:21,092 - INFO - Подсказка: Загаданное число меньше
2023-11-25 00:20:24,066 - INFO - Попытка пользователя: 55
2023-11-25 00:20:24,066 - INFO - Подсказка: Загаданное число больше
2023-11-25 00:20:27,192 - INFO - Попытка пользователя: 100
2023-11-25 00:20:27,192 - INFO - Подсказка: Загаданное число меньше
2023-11-25 00:20:31,120 - INFO - Попытка пользователя: 50
2023-11-25 00:20:31,120 - INFO - Подсказка: Загаданное число больше
2023-11-25 00:20:31,120 - INFO - Игра завершена: Попытки закончились
2023-11-25 00:22:34,059 - INFO - Новая игра: N=7, k=3
2023-11-25 00:22:34,059 - INFO - Загаданное число: 2
2023-11-25 00:22:35,991 - INFO - Попытка пользователя: 5
2023-11-25 00:22:35,995 - INFO - Подсказка: Загаданное число меньше
2023-11-25 00:22:37,809 - INFO - Попытка пользователя: 3
2023-11-25 00:22:37,809 - INFO - Подсказка: Загаданное число меньше
2023-11-25 00:22:40,033 - INFO - Попытка пользователя: 2
2023-11-25 00:22:40,033 - INFO - Игра завершена: Пользователь угадал
2023-11-25 00:23:03,046 - INFO - Новая игра: N=7, k=3
2023-11-25 00:23:03,048 - INFO - Загаданное число: 6
2023-11-25 00:23:04,772 - INFO - Попытка пользователя: 5
2023-11-25 00:23:04,772 - INFO - Подсказка: Загаданное число больше
2023-11-25 00:23:06,898 - INFO - Попытка пользователя: 7
2023-11-25 00:23:06,898 - INFO - Подсказка: Загаданное число меньше
2023-11-25 00:23:08,206 - INFO - Попытка пользователя: 6
2023-11-25 00:23:08,206 - INFO - Игра завершена: Пользователь угадал
2023-11-25 00:24:17,757 - INFO - Новая игра: N=10, k=5
2023-11-25 00:24:17,758 - INFO - Загаданное число: 2
2023-11-25 00:24:19,771 - INFO - Попытка пользователя: 10
2023-11-25 00:24:19,771 - INFO - Подсказка: Загаданное число меньше
2023-11-25 00:24:22,394 - INFO - Попытка пользователя: 3
2023-11-25 00:24:22,394 - INFO - Подсказка: Загаданное число меньше
2023-11-25 00:24:25,434 - INFO - Попытка пользователя: 5
2023-11-25 00:24:25,434 - INFO - Подсказка: Загаданное число меньше
2023-11-25 00:24:27,497 - INFO - Попытка пользователя: 1
2023-11-25 00:24:27,501 - INFO - Подсказка: Загаданное число больше
2023-11-25 00:24:29,903 - INFO - Попытка пользователя: 2
2023-11-25 00:24:29,903 - INFO - Игра завершена: Пользователь угадал
2023-11-25 00:25:05,268 - INFO - Новая игра: N=-1, k=-1000
2023-11-25 00:25:48,390 - INFO - Новая игра: N=7, k=3
2023-11-25 00:25:48,390 - INFO - Загаданное число: 6
2023-11-25 00:25:49,396 - INFO - Подсказка: Загаданное число больше
2023-11-25 00:25:51,216 - INFO - Подсказка: Загаданное число больше
2023-11-25 00:25:52,308 - INFO - Подсказка: Загаданное число больше
2023-11-25 00:25:52,308 - INFO - Игра завершена: Попытки закончились
